example/build/app/intermediates/manifest_merge_blame_file/debug/manifest-merger-blame-debug-report.txt
1<?xml version="1.0" encoding="utf-8"?>
2<manifest xmlns:android="http://schemas.android.com/apk/res/android"
3    package="tech.digia.digia_ui"
4    android:versionCode="1"
5    android:versionName="1.0.0" >
6
7    <uses-sdk
8        android:minSdkVersion="19"
9        android:targetSdkVersion="33" />
10    <!--
11         The INTERNET permission is required for development. Specifically,
12         the Flutter tool needs it to communicate with the running application
13         to allow setting breakpoints, to provide hot reload, etc.
14    -->
15    <uses-permission android:name="android.permission.INTERNET" />
15-->src\main\AndroidManifest.xml:3:5-66
15-->src\main\AndroidManifest.xml:3:22-64
16
17    <queries>
17-->src\main\AndroidManifest.xml:4:5-21:15
18
19        <!-- If your app checks for SMS support -->
20        <intent>
20-->src\main\AndroidManifest.xml:6:9-9:18
21            <action android:name="android.intent.action.VIEW" />
21-->src\main\AndroidManifest.xml:7:13-65
21-->src\main\AndroidManifest.xml:7:21-62
22
23            <data android:scheme="sms" />
23-->src\main\AndroidManifest.xml:8:13-42
23-->src\main\AndroidManifest.xml:8:19-39
24        </intent>
25        <!-- If your app checks for call support -->
26        <intent>
26-->src\main\AndroidManifest.xml:11:9-14:18
27            <action android:name="android.intent.action.VIEW" />
27-->src\main\AndroidManifest.xml:7:13-65
27-->src\main\AndroidManifest.xml:7:21-62
28
29            <data android:scheme="tel" />
29-->src\main\AndroidManifest.xml:8:13-42
29-->src\main\AndroidManifest.xml:8:19-39
30        </intent>
31        <intent>
31-->src\main\AndroidManifest.xml:16:9-20:18
32            <action android:name="android.intent.action.VIEW" />
32-->src\main\AndroidManifest.xml:7:13-65
32-->src\main\AndroidManifest.xml:7:21-62
33
34            <category android:name="android.intent.category.BROWSABLE" />
34-->src\main\AndroidManifest.xml:18:13-74
34-->src\main\AndroidManifest.xml:18:23-71
35
36            <data android:scheme="https" />
36-->src\main\AndroidManifest.xml:8:13-42
36-->src\main\AndroidManifest.xml:8:19-39
37        </intent>
38    </queries>
39
40    <permission
40-->[androidx.core:core:1.10.1] AndroidManifest.xml:22:5-24:47
41        android:name="tech.digia.digia_ui.DYNAMIC_RECEIVER_NOT_EXPORTED_PERMISSION"
41-->[androidx.core:core:1.10.1] AndroidManifest.xml:23:9-81
42        android:protectionLevel="signature" />
42-->[androidx.core:core:1.10.1] AndroidManifest.xml:24:9-44
43
44    <uses-permission android:name="tech.digia.digia_ui.DYNAMIC_RECEIVER_NOT_EXPORTED_PERMISSION" />
44-->[androidx.core:core:1.10.1] AndroidManifest.xml:26:5-97
44-->[androidx.core:core:1.10.1] AndroidManifest.xml:26:22-94
45
46    <application
47        android:name="android.app.Application"
48        android:appComponentFactory="androidx.core.app.CoreComponentFactory"
48-->[androidx.core:core:1.10.1] AndroidManifest.xml:28:18-86
49        android:debuggable="true"
50        android:icon="@mipmap/ic_launcher"
51        android:label="Easy Eat - Owner" >
52        <activity
53            android:name="tech.digia.digia_ui.MainActivity"
54            android:configChanges="orientation|keyboardHidden|keyboard|screenSize|smallestScreenSize|locale|layoutDirection|fontScale|screenLayout|density|uiMode"
55            android:exported="true"
56            android:hardwareAccelerated="true"
57            android:launchMode="singleTop"
58            android:theme="@style/LaunchTheme"
59            android:windowSoftInputMode="adjustResize" >
60
61            <!--
62                 Specifies an Android theme to apply to this Activity as soon as
63                 the Android process has started. This theme is visible to the user
64                 while the Flutter UI initializes. After that, this theme continues
65                 to determine the Window background behind the Flutter UI.
66            -->
67            <meta-data
68                android:name="io.flutter.embedding.android.NormalTheme"
69                android:resource="@style/NormalTheme" />
70
71            <intent-filter>
72                <action android:name="android.intent.action.MAIN" />
73
74                <category android:name="android.intent.category.LAUNCHER" />
75            </intent-filter>
76        </activity>
77        <!--
78             Don't delete the meta-data below.
79             This is used by the Flutter tool to generate GeneratedPluginRegistrant.java
80        -->
81        <meta-data
82            android:name="flutterEmbedding"
83            android:value="2" />
84
85        <activity
85-->[:url_launcher_android] AndroidManifest.xml:10:9-13:74
86            android:name="io.flutter.plugins.urllauncher.WebViewActivity"
86-->[:url_launcher_android] AndroidManifest.xml:11:13-74
87            android:exported="false"
87-->[:url_launcher_android] AndroidManifest.xml:12:13-37
88            android:theme="@android:style/Theme.NoTitleBar.Fullscreen" />
88-->[:url_launcher_android] AndroidManifest.xml:13:13-71
89
90        <uses-library
90-->[androidx.window:window:1.0.0-beta04] AndroidManifest.xml:25:9-27:40
91            android:name="androidx.window.extensions"
91-->[androidx.window:window:1.0.0-beta04] AndroidManifest.xml:26:13-54
92            android:required="false" />
92-->[androidx.window:window:1.0.0-beta04] AndroidManifest.xml:27:13-37
93        <uses-library
93-->[androidx.window:window:1.0.0-beta04] AndroidManifest.xml:28:9-30:40
94            android:name="androidx.window.sidecar"
94-->[androidx.window:window:1.0.0-beta04] AndroidManifest.xml:29:13-51
95            android:required="false" />
95-->[androidx.window:window:1.0.0-beta04] AndroidManifest.xml:30:13-37
96    </application>
97
98</manifest>